<?xml version="1.0" encoding="UTF-8"?>
<!-- Generated by org.testng.reporters.JUnitReportReporter -->
<testsuite hostname="DESKTOP-015DLJU" failures="0" tests="3" name="com.SwagLabs.TestCases.LoginPageTest" time="0.723" errors="0" timestamp="2024-07-27T20:26:08 IST" skipped="0">
  <testcase classname="com.SwagLabs.TestCases.LoginPageTest" name="urlCheck" time="0.049"/>
  <testcase classname="com.SwagLabs.TestCases.LoginPageTest" name="titleCheck" time="0.028"/>
  <testcase classname="com.SwagLabs.TestCases.LoginPageTest" name="loginfnCheck" time="0.646"/>
</testsuite> <!-- com.SwagLabs.TestCases.LoginPageTest -->
