<?xml version="1.0" encoding="UTF-8"?>
<!-- Generated by org.testng.reporters.JUnitReportReporter -->
<testsuite hostname="DESKTOP-015DLJU" failures="0" tests="5" name="com.SwagLabs.TestCases.InventoryPageTest" time="10.632" errors="0" timestamp="2024-07-08T02:08:40 IST" skipped="0">
  <testcase classname="com.SwagLabs.TestCases.InventoryPageTest" name="verifySortItems" time="2.414"/>
  <testcase classname="com.SwagLabs.TestCases.InventoryPageTest" name="verifyproductDisplay" time="0.341"/>
  <testcase classname="com.SwagLabs.TestCases.InventoryPageTest" name="verifyproductCount" time="0.053"/>
  <testcase classname="com.SwagLabs.TestCases.InventoryPageTest" name="verifyaddProductToCart" time="4.632"/>
  <testcase classname="com.SwagLabs.TestCases.InventoryPageTest" name="verifyCartcheck" time="3.192"/>
</testsuite> <!-- com.SwagLabs.TestCases.InventoryPageTest -->
