<?xml version="1.0" encoding="UTF-8"?>
<!-- Generated by org.testng.reporters.JUnitReportReporter -->
<testsuite hostname="DESKTOP-015DLJU" failures="0" tests="6" name="com.SwagLabs.TestCases.CartPageTest" time="9.011" errors="0" timestamp="2024-07-27T20:26:08 IST" skipped="0">
  <testcase classname="com.SwagLabs.TestCases.CartPageTest" name="verifyIemDetail" time="0.036"/>
  <testcase classname="com.SwagLabs.TestCases.CartPageTest" name="verifyRemove" time="0.091"/>
  <testcase classname="com.SwagLabs.TestCases.CartPageTest" name="verifyContinueShop" time="7.450"/>
  <testcase classname="com.SwagLabs.TestCases.CartPageTest" name="verifyCheckout" time="0.881"/>
  <testcase classname="com.SwagLabs.TestCases.CartPageTest" name="verifyPaymentPage" time="0.162"/>
  <testcase classname="com.SwagLabs.TestCases.CartPageTest" name="verifyPurchaseOver" time="0.391"/>
</testsuite> <!-- com.SwagLabs.TestCases.CartPageTest -->
