<?xml version="1.0" encoding="UTF-8"?>
<!-- Generated by org.testng.reporters.JUnitReportReporter -->
<testsuite hostname="DESKTOP-015DLJU" failures="0" tests="5" name="com.SwagLabs.TestCases.InventoryPageTest" time="9.723" errors="0" timestamp="2024-07-27T20:26:08 IST" skipped="0">
  <testcase classname="com.SwagLabs.TestCases.InventoryPageTest" name="verifySortItems" time="2.221"/>
  <testcase classname="com.SwagLabs.TestCases.InventoryPageTest" name="verifyproductDisplay" time="0.135"/>
  <testcase classname="com.SwagLabs.TestCases.InventoryPageTest" name="verifyproductCount" time="0.016"/>
  <testcase classname="com.SwagLabs.TestCases.InventoryPageTest" name="verifyaddProductToCart" time="4.244"/>
  <testcase classname="com.SwagLabs.TestCases.InventoryPageTest" name="verifyCartcheck" time="3.107"/>
</testsuite> <!-- com.SwagLabs.TestCases.InventoryPageTest -->
