<?xml version="1.0" encoding="UTF-8"?>
<!-- Generated by org.testng.reporters.JUnitReportReporter -->
<testsuite hostname="DESKTOP-015DLJU" failures="0" tests="3" name="com.SwagLabs.TestCases.LoginPageTest" time="1.151" errors="0" timestamp="2024-07-08T02:08:40 IST" skipped="0">
  <testcase classname="com.SwagLabs.TestCases.LoginPageTest" name="urlCheck" time="0.109"/>
  <testcase classname="com.SwagLabs.TestCases.LoginPageTest" name="titleCheck" time="0.031"/>
  <testcase classname="com.SwagLabs.TestCases.LoginPageTest" name="loginfnCheck" time="1.011"/>
</testsuite> <!-- com.SwagLabs.TestCases.LoginPageTest -->
