<?xml version="1.0" encoding="UTF-8"?>
<!-- Generated by org.testng.reporters.JUnitReportReporter -->
<testsuite hostname="DESKTOP-015DLJU" failures="0" tests="6" name="com.SwagLabs.TestCases.CartPageTest" time="9.363" errors="0" timestamp="2024-07-08T02:08:40 IST" skipped="0">
  <testcase classname="com.SwagLabs.TestCases.CartPageTest" name="verifyIemDetail" time="0.068"/>
  <testcase classname="com.SwagLabs.TestCases.CartPageTest" name="verifyRemove" time="0.176"/>
  <testcase classname="com.SwagLabs.TestCases.CartPageTest" name="verifyContinueShop" time="7.792"/>
  <testcase classname="com.SwagLabs.TestCases.CartPageTest" name="verifyCheckout" time="0.986"/>
  <testcase classname="com.SwagLabs.TestCases.CartPageTest" name="verifyPaymentPage" time="0.124"/>
  <testcase classname="com.SwagLabs.TestCases.CartPageTest" name="verifyPurchaseOver" time="0.217"/>
</testsuite> <!-- com.SwagLabs.TestCases.CartPageTest -->
